nov.-08 09:14:01.679 [main] DEBUG nextflow.cli.Launcher - $> nextflow run gorep.nf --update=y
nov.-08 09:14:02.135 [main] INFO  nextflow.cli.CmdRun - N E X T F L O W  ~  version 21.04.3
nov.-08 09:14:02.237 [main] INFO  nextflow.cli.CmdRun - Launching `gorep.nf` [chaotic_poincare] - revision: 893f1462a9
nov.-08 09:14:02.586 [main] DEBUG nextflow.plugin.PluginsFacade - Setting up plugin manager > mode=prod; plugins-dir=/Users/Antonio/.nextflow/plugins
nov.-08 09:14:02.591 [main] DEBUG nextflow.plugin.PluginsFacade - Plugins default=[]
nov.-08 09:14:02.598 [main] DEBUG nextflow.plugin.PluginsFacade - Plugins local root: .nextflow/plr/empty
nov.-08 09:14:02.645 [main] INFO  org.pf4j.DefaultPluginStatusProvider - Enabled plugins: []
nov.-08 09:14:02.650 [main] INFO  org.pf4j.DefaultPluginStatusProvider - Disabled plugins: []
nov.-08 09:14:02.665 [main] INFO  org.pf4j.DefaultPluginManager - PF4J version 3.4.1 in 'deployment' mode
nov.-08 09:14:02.710 [main] INFO  org.pf4j.AbstractPluginManager - No plugins
nov.-08 09:14:02.912 [main] DEBUG nextflow.Session - Session uuid: 7a6cd49f-2fe8-4b4b-8135-29473d7e87be
nov.-08 09:14:02.912 [main] DEBUG nextflow.Session - Run name: chaotic_poincare
nov.-08 09:14:02.918 [main] DEBUG nextflow.Session - Executor pool size: 4
nov.-08 09:14:08.036 [main] DEBUG nextflow.cli.CmdRun - 
  Version: 21.04.3 build 5560
  Created: 21-07-2021 15:09 UTC (17:09 CEST)
  System: Mac OS X 10.16
  Runtime: Groovy 3.0.7 on Java HotSpot(TM) 64-Bit Server VM 12.0.1+12
  Encoding: UTF-8 (UTF-8)
  Process: 25484@MacBook-de-Antonio.local [192.168.1.37]
  CPUs: 4 - Mem: 8 GB (202.8 MB) - Swap: 4 GB (1.6 GB)
nov.-08 09:14:08.075 [main] DEBUG nextflow.Session - Work-dir: /Users/Antonio/Desktop/BigData/Beca/gorep_Nextflow/gorep_2_nextflow/work [Mac OS X]
nov.-08 09:14:08.077 [main] DEBUG nextflow.Session - Script base path does not exist or is not a directory: /Users/Antonio/Desktop/BigData/Beca/gorep_Nextflow/gorep_2_nextflow/bin
nov.-08 09:14:08.105 [main] DEBUG nextflow.executor.ExecutorFactory - Extension executors providers=[]
nov.-08 09:14:08.140 [main] DEBUG nextflow.Session - Observer factory: DefaultObserverFactory
nov.-08 09:14:08.488 [main] DEBUG nextflow.Session - Session start invoked
nov.-08 09:14:11.603 [main] DEBUG nextflow.script.ScriptRunner - > Launching execution
nov.-08 09:14:11.630 [main] DEBUG nextflow.Session - Workflow process names [dsl1]: stop_gorep, install_gorep, vectorize_query, update_gorep, similarity_query, start_gorep, cosine_query
nov.-08 09:14:11.661 [main] INFO  nextflow.Nextflow - GOREP - N F  ~  version 1.0
nov.-08 09:14:11.662 [main] INFO  nextflow.Nextflow - =================================
nov.-08 09:14:11.664 [main] INFO  nextflow.Nextflow - Install Directory    : /Users/Antonio/Desktop/BigData/Beca/gorep_Nextflow/gorep_2_nextflow/GOREP
nov.-08 09:14:11.666 [main] INFO  nextflow.Nextflow - 

nov.-08 09:14:11.694 [main] INFO  nextflow.Nextflow - Stopping GOREP...
nov.-08 09:14:11.923 [main] DEBUG nextflow.executor.ExecutorFactory - << taskConfig executor: null
nov.-08 09:14:11.923 [main] DEBUG nextflow.executor.ExecutorFactory - >> processorType: 'local'
nov.-08 09:14:11.937 [main] DEBUG nextflow.executor.Executor - [warm up] executor > local
nov.-08 09:14:11.952 [main] DEBUG n.processor.LocalPollingMonitor - Creating local task monitor for executor 'local' > cpus=4; memory=8 GB; capacity=4; pollInterval=100ms; dumpInterval=5m
nov.-08 09:14:12.350 [main] INFO  nextflow.Nextflow - Updating GOREP...
nov.-08 09:14:12.367 [main] DEBUG nextflow.executor.ExecutorFactory - << taskConfig executor: null
nov.-08 09:14:12.368 [main] DEBUG nextflow.executor.ExecutorFactory - >> processorType: 'local'
nov.-08 09:14:12.400 [main] DEBUG nextflow.script.ScriptRunner - > Await termination 
nov.-08 09:14:12.400 [main] DEBUG nextflow.Session - Session await
nov.-08 09:14:12.722 [Task submitter] DEBUG nextflow.executor.LocalTaskHandler - Launch cmd line: /bin/bash -ue .command.run
nov.-08 09:14:12.737 [Task submitter] INFO  nextflow.Session - [9e/f292d0] Submitted process > stop_gorep
nov.-08 09:14:25.291 [Task monitor] DEBUG n.processor.TaskPollingMonitor - Task completed > TaskHandler[id: 1; name: stop_gorep; status: COMPLETED; exit: 0; error: -; workDir: /Users/Antonio/Desktop/BigData/Beca/gorep_Nextflow/gorep_2_nextflow/work/9e/f292d051607d443c9d5be69e8bebfe]
nov.-08 09:14:25.401 [Task submitter] DEBUG nextflow.executor.LocalTaskHandler - Launch cmd line: /bin/bash -ue .command.run
nov.-08 09:14:25.402 [Task submitter] INFO  nextflow.Session - [a3/207bdc] Submitted process > update_gorep
nov.-08 09:14:34.901 [Task monitor] DEBUG n.processor.TaskPollingMonitor - Task completed > TaskHandler[id: 2; name: update_gorep; status: COMPLETED; exit: 0; error: -; workDir: /Users/Antonio/Desktop/BigData/Beca/gorep_Nextflow/gorep_2_nextflow/work/a3/207bdc23ef85ee5571d53ec5fc4cf6]
nov.-08 09:14:34.907 [main] DEBUG nextflow.Session - Session await > all process finished
nov.-08 09:14:34.911 [main] DEBUG nextflow.Session - Session await > all barriers passed
nov.-08 09:14:34.930 [main] DEBUG nextflow.trace.WorkflowStatsObserver - Workflow completed > WorkflowStats[succeededCount=2; failedCount=0; ignoredCount=0; cachedCount=0; pendingCount=0; submittedCount=0; runningCount=0; retriesCount=0; abortedCount=0; succeedDuration=21.9s; failedDuration=0ms; cachedDuration=0ms;loadCpus=0; loadMemory=0; peakRunning=1; peakCpus=1; peakMemory=0; ]
nov.-08 09:14:35.029 [main] DEBUG nextflow.CacheDB - Closing CacheDB done
nov.-08 09:14:35.060 [main] DEBUG nextflow.script.ScriptRunner - > Execution complete -- Goodbye
